\BOOKMARK [0][-]{chapter.1}{ Introduction}{}% 1
\BOOKMARK [1][-]{section.1.1}{Motivation}{chapter.1}% 2
\BOOKMARK [0][-]{chapter.2}{ Related Work}{}% 3
\BOOKMARK [1][-]{section.2.1}{Introduction}{chapter.2}% 4
\BOOKMARK [1][-]{section.2.2}{Slackline specific training and effects to the human body}{chapter.2}% 5
\BOOKMARK [2][-]{subsection.2.2.1}{Exercises during slackline training}{section.2.2}% 6
\BOOKMARK [2][-]{subsection.2.2.2}{Slackline specific training effects and application scenarios}{section.2.2}% 7
\BOOKMARK [1][-]{section.2.3}{Interactive technology}{chapter.2}% 8
\BOOKMARK [2][-]{subsection.2.3.1}{Comparison of tracking technologies}{section.2.3}% 9
\BOOKMARK [2][-]{subsection.2.3.2}{Accuracy of the Microsoft Kinect}{section.2.3}% 10
\BOOKMARK [2][-]{subsection.2.3.3}{Implementation in balance training scenarios}{section.2.3}% 11
\BOOKMARK [1][-]{section.2.4}{Feedback and interaction methods}{chapter.2}% 12
\BOOKMARK [2][-]{subsection.2.4.1}{Restricting cognitive load}{section.2.4}% 13
\BOOKMARK [2][-]{subsection.2.4.2}{Motivating factors for skill acquisition}{section.2.4}% 14
\BOOKMARK [2][-]{subsection.2.4.3}{Approaches and techniques for providing feedback}{section.2.4}% 15
\BOOKMARK [2][-]{subsection.2.4.4}{User interface}{section.2.4}% 16
\BOOKMARK [1][-]{section.2.5}{Conclusion}{chapter.2}% 17
\BOOKMARK [0][-]{chapter.3}{ Feasibility study}{}% 18
\BOOKMARK [1][-]{section.3.1}{Introduction}{chapter.3}% 19
\BOOKMARK [1][-]{section.3.2}{General setup of the study}{chapter.3}% 20
\BOOKMARK [1][-]{section.3.3}{Testing scenario}{chapter.3}% 21
\BOOKMARK [2][-]{subsection.3.3.1}{Slackline positioning}{section.3.3}% 22
\BOOKMARK [2][-]{subsection.3.3.2}{Kinect height}{section.3.3}% 23
\BOOKMARK [1][-]{section.3.4}{Best positioning for beginner learning purposes}{chapter.3}% 24
\BOOKMARK [1][-]{section*.17}{Bibliography}{chapter.3}% 25
